SFD/app/build/intermediates/manifest_merge_blame_file/debug/processDebugMainManifest/manifest-merger-blame-debug-report.txt
1<?xml version="1.0" encoding="utf-8"?>
2<manifest xmlns:android="http://schemas.android.com/apk/res/android"
3    package="com.sf.sfd"
4    android:versionCode="1"
5    android:versionName="1.0" >
6
7    <uses-sdk
8        android:minSdkVersion="26"
9        android:targetSdkVersion="35" />
10
11    <uses-permission android:name="android.permission.INTERNET" />
11-->src\main\AndroidManifest.xml:3:5-67
11-->src\main\AndroidManifest.xml:3:22-64
12    <uses-permission android:name="android.permission.ACCESS_NETWORK_STATE" />
12-->src\main\AndroidManifest.xml:4:5-79
12-->src\main\AndroidManifest.xml:4:22-76
13    <uses-permission android:name="android.permission.ACCESS_WIFI_STATE" />
13-->src\main\AndroidManifest.xml:5:5-76
13-->src\main\AndroidManifest.xml:5:22-73
14    <uses-permission android:name="android.permission.CHANGE_WIFI_STATE" />
14-->src\main\AndroidManifest.xml:6:5-76
14-->src\main\AndroidManifest.xml:6:22-73
15    <uses-permission android:name="android.permission.ACCESS_FINE_LOCATION" />
15-->src\main\AndroidManifest.xml:7:5-79
15-->src\main\AndroidManifest.xml:7:22-76
16    <uses-permission android:name="android.permission.ACCESS_COARSE_LOCATION" />
16-->src\main\AndroidManifest.xml:8:5-81
16-->src\main\AndroidManifest.xml:8:22-78
17    <uses-permission android:name="android.permission.ACCESS_BACKGROUND_LOCATION" />
17-->src\main\AndroidManifest.xml:9:5-85
17-->src\main\AndroidManifest.xml:9:22-82
18    <uses-permission android:name="android.permission.NEARBY_WIFI_DEVICES" />
18-->src\main\AndroidManifest.xml:10:5-78
18-->src\main\AndroidManifest.xml:10:22-75
19    <uses-permission android:name="android.permission.REQUEST_IGNORE_BATTERY_OPTIMIZATIONS" />
19-->src\main\AndroidManifest.xml:11:5-95
19-->src\main\AndroidManifest.xml:11:22-92
20    <uses-permission android:name="android.permission.RECEIVE_BOOT_COMPLETED" />
20-->src\main\AndroidManifest.xml:12:5-81
20-->src\main\AndroidManifest.xml:12:22-78
21    <uses-permission android:name="android.permission.FOREGROUND_SERVICE" />
21-->src\main\AndroidManifest.xml:13:5-77
21-->src\main\AndroidManifest.xml:13:22-74
22    <uses-permission android:name="android.permission.FOREGROUND_SERVICE_DATA_SYNC" />
22-->src\main\AndroidManifest.xml:14:5-87
22-->src\main\AndroidManifest.xml:14:22-84
23    <uses-permission android:name="android.permission.FOREGROUND_SERVICE_LOCATION" />
23-->src\main\AndroidManifest.xml:15:5-86
23-->src\main\AndroidManifest.xml:15:22-83
24    <uses-permission android:name="android.permission.POST_NOTIFICATIONS" />
24-->src\main\AndroidManifest.xml:16:5-77
24-->src\main\AndroidManifest.xml:16:22-74
25    <uses-permission android:name="android.permission.SEND_SMS" />
25-->src\main\AndroidManifest.xml:17:5-67
25-->src\main\AndroidManifest.xml:17:22-64
26    <uses-permission
26-->src\main\AndroidManifest.xml:18:5-95
27        android:name="android.permission.BLUETOOTH"
27-->src\main\AndroidManifest.xml:18:22-65
28        android:maxSdkVersion="30" />
28-->src\main\AndroidManifest.xml:18:66-92
29    <uses-permission
29-->src\main\AndroidManifest.xml:19:5-101
30        android:name="android.permission.BLUETOOTH_ADMIN"
30-->src\main\AndroidManifest.xml:19:22-71
31        android:maxSdkVersion="30" />
31-->src\main\AndroidManifest.xml:19:72-98
32    <uses-permission android:name="android.permission.BLUETOOTH_ADVERTISE" />
32-->src\main\AndroidManifest.xml:20:5-78
32-->src\main\AndroidManifest.xml:20:22-75
33    <uses-permission android:name="android.permission.BLUETOOTH_CONNECT" />
33-->src\main\AndroidManifest.xml:21:5-76
33-->src\main\AndroidManifest.xml:21:22-73
34
35    <uses-feature
35-->src\main\AndroidManifest.xml:23:5-90
36        android:name="android.hardware.bluetooth_le"
36-->src\main\AndroidManifest.xml:23:19-63
37        android:required="true" />
37-->src\main\AndroidManifest.xml:23:64-87
38    <uses-feature
38-->src\main\AndroidManifest.xml:24:5-91
39        android:name="android.hardware.location.gps"
39-->src\main\AndroidManifest.xml:24:19-63
40        android:required="false" />
40-->src\main\AndroidManifest.xml:24:64-88
41    <uses-feature
41-->src\main\AndroidManifest.xml:25:5-95
42        android:name="android.hardware.sensor.gyroscope"
42-->src\main\AndroidManifest.xml:25:19-67
43        android:required="false" />
43-->src\main\AndroidManifest.xml:25:68-92
44    <uses-feature
44-->src\main\AndroidManifest.xml:26:5-99
45        android:name="android.hardware.sensor.accelerometer"
45-->src\main\AndroidManifest.xml:26:19-71
46        android:required="false" />
46-->src\main\AndroidManifest.xml:26:72-96
47
48    <application
48-->src\main\AndroidManifest.xml:28:5-55:19
49        android:allowBackup="true"
49-->src\main\AndroidManifest.xml:29:9-35
50        android:debuggable="true"
51        android:extractNativeLibs="false"
52        android:label="@string/app_name"
52-->src\main\AndroidManifest.xml:30:9-41
53        android:theme="@style/AppTheme"
53-->src\main\AndroidManifest.xml:31:9-40
54        android:usesCleartextTraffic="false" >
54-->src\main\AndroidManifest.xml:32:9-45
55        <service
55-->src\main\AndroidManifest.xml:33:9-36:65
56            android:name="com.sf.sfd.SfdTelemetryService"
56-->src\main\AndroidManifest.xml:34:13-48
57            android:exported="false"
57-->src\main\AndroidManifest.xml:35:13-37
58            android:foregroundServiceType="dataSync|location" />
58-->src\main\AndroidManifest.xml:36:13-62
59
60        <receiver
60-->src\main\AndroidManifest.xml:37:9-46:20
61            android:name="com.sf.sfd.SfdRestartReceiver"
61-->src\main\AndroidManifest.xml:38:13-47
62            android:exported="false" >
62-->src\main\AndroidManifest.xml:39:13-37
63            <intent-filter>
63-->src\main\AndroidManifest.xml:40:13-45:29
64                <action android:name="android.intent.action.BOOT_COMPLETED" />
64-->src\main\AndroidManifest.xml:41:17-79
64-->src\main\AndroidManifest.xml:41:25-76
65                <action android:name="android.intent.action.LOCKED_BOOT_COMPLETED" />
65-->src\main\AndroidManifest.xml:42:17-86
65-->src\main\AndroidManifest.xml:42:25-83
66                <action android:name="android.intent.action.MY_PACKAGE_REPLACED" />
66-->src\main\AndroidManifest.xml:43:17-84
66-->src\main\AndroidManifest.xml:43:25-81
67                <action android:name="com.sf.sfd.RESTART_TELEMETRY" />
67-->src\main\AndroidManifest.xml:44:17-71
67-->src\main\AndroidManifest.xml:44:25-68
68            </intent-filter>
69        </receiver>
70
71        <activity
71-->src\main\AndroidManifest.xml:47:9-54:20
72            android:name="com.sf.sfd.MainActivity"
72-->src\main\AndroidManifest.xml:48:13-41
73            android:exported="true" >
73-->src\main\AndroidManifest.xml:49:13-36
74            <intent-filter>
74-->src\main\AndroidManifest.xml:50:13-53:29
75                <action android:name="android.intent.action.MAIN" />
75-->src\main\AndroidManifest.xml:51:17-69
75-->src\main\AndroidManifest.xml:51:25-66
76
77                <category android:name="android.intent.category.LAUNCHER" />
77-->src\main\AndroidManifest.xml:52:17-77
77-->src\main\AndroidManifest.xml:52:27-74
78            </intent-filter>
79        </activity>
80    </application>
81
82</manifest>